<?xml version="1.0" encoding="UTF-8"?>
<testsuite xmlns:xsi="http://www.w3.org/2001/XMLSchema-instance" xsi:noNamespaceSchemaLocation="https://maven.apache.org/surefire/maven-surefire-plugin/xsd/surefire-test-report.xsd" name="TestSuite" time="0.417" tests="2" errors="0" skipped="2" failures="0">
  <properties>
[...]
</properties>
  <testcase name="yahoo_test" classname="com.qtpselenium.core.hybrid.testcases.GmailLogin" time="0">
    <skipped message="&#10;Method yahoo_test requires 1 parameters but 0 were supplied in the @Test annotation."/>
    <system-out><![CDATA[...
... TestNG 6.8.9beta by Cédric Beust (cedric@beust.com)
...

HERE -->/Users/ynaik/Desktop/WebDriver/CORE_Hybrid_Framework
]]></system-out>
  </testcase>
  <testcase name="doLogin" classname="com.qtpselenium.core.hybrid.testcases.GmailLogin" time="0">
    <skipped message="&#10;Method doLogin requires 1 parameters but 0 were supplied in the @Test annotation."/>
  </testcase>
</testsuite>