<?xml version="1.0" encoding="UTF-8"?>
<!-- Generated by org.testng.reporters.JUnitXMLReporter -->
<testsuite hostname="LM-SJC-00875629" name="MauiTests" tests="2" failures="0" timestamp="25 Aug 2017 01:59:48 GMT" time="0.01" errors="0">
  <testcase name="yahoo_test" time="0.003" classname="com.qtpselenium.core.hybrid.testcases.GmailLogin">
    <skipped/>
  </testcase> <!-- yahoo_test -->
  <testcase name="doLogin" time="0.003" classname="com.qtpselenium.core.hybrid.testcases.GmailLogin">
    <skipped/>
  </testcase> <!-- doLogin -->
</testsuite> <!-- MauiTests -->
